0 info it worked if it ends with ok
1 verbose cli [ '/home/deox/.nvm/versions/node/v7.4.0/bin/node',
1 verbose cli   '/home/deox/.nvm/versions/node/v7.4.0/bin/npm',
1 verbose cli   'run',
1 verbose cli   'example' ]
2 info using npm@4.0.5
3 info using node@v7.4.0
4 verbose run-script [ 'preexample', 'example', 'postexample' ]
5 info lifecycle asp-js@0.1.0~preexample: asp-js@0.1.0
6 silly lifecycle asp-js@0.1.0~preexample: no script for preexample, continuing
7 info lifecycle asp-js@0.1.0~example: asp-js@0.1.0
8 verbose lifecycle asp-js@0.1.0~example: unsafe-perm in lifecycle true
9 verbose lifecycle asp-js@0.1.0~example: PATH: /home/deox/.nvm/versions/node/v7.4.0/lib/node_modules/npm/bin/node-gyp-bin:/home/deox/projects/asp-js/node_modules/.bin:/home/deox/.cargo/bin:/home/deox/.nvm/versions/node/v7.4.0/bin:/home/deox/.cargo/bin:/home/deox/.gem/ruby/2.4.0/bin:/home/deox/bin:/home/deox/.cargo/bin:/home/deox/.cargo/bin:/home/deox/.gem/ruby/2.4.0/bin:/home/deox/bin:/usr/local/sbin:/usr/local/bin:/usr/bin:/usr/lib/jvm/default/bin:/usr/bin/site_perl:/usr/bin/vendor_perl:/usr/bin/core_perl:/home/deox/go/bin:/home/deox/go/bin
10 verbose lifecycle asp-js@0.1.0~example: CWD: /home/deox/projects/asp-js
11 silly lifecycle asp-js@0.1.0~example: Args: [ '-c', 'tsc && cd example && npm test' ]
12 silly lifecycle asp-js@0.1.0~example: Returned: code: 1  signal: null
13 info lifecycle asp-js@0.1.0~example: Failed to exec example script
14 verbose stack Error: asp-js@0.1.0 example: `tsc && cd example && npm test`
14 verbose stack Exit status 1
14 verbose stack     at EventEmitter.<anonymous> (/home/deox/.nvm/versions/node/v7.4.0/lib/node_modules/npm/lib/utils/lifecycle.js:279:16)
14 verbose stack     at emitTwo (events.js:106:13)
14 verbose stack     at EventEmitter.emit (events.js:191:7)
14 verbose stack     at ChildProcess.<anonymous> (/home/deox/.nvm/versions/node/v7.4.0/lib/node_modules/npm/lib/utils/spawn.js:40:14)
14 verbose stack     at emitTwo (events.js:106:13)
14 verbose stack     at ChildProcess.emit (events.js:191:7)
14 verbose stack     at maybeClose (internal/child_process.js:885:16)
14 verbose stack     at Process.ChildProcess._handle.onexit (internal/child_process.js:226:5)
15 verbose pkgid asp-js@0.1.0
16 verbose cwd /home/deox/projects/asp-js
17 error Linux 4.16.5-1-ARCH
18 error argv "/home/deox/.nvm/versions/node/v7.4.0/bin/node" "/home/deox/.nvm/versions/node/v7.4.0/bin/npm" "run" "example"
19 error node v7.4.0
20 error npm  v4.0.5
21 error code ELIFECYCLE
22 error asp-js@0.1.0 example: `tsc && cd example && npm test`
22 error Exit status 1
23 error Failed at the asp-js@0.1.0 example script 'tsc && cd example && npm test'.
23 error Make sure you have the latest version of node.js and npm installed.
23 error If you do, this is most likely a problem with the asp-js package,
23 error not with npm itself.
23 error Tell the author that this fails on your system:
23 error     tsc && cd example && npm test
23 error You can get information on how to open an issue for this project with:
23 error     npm bugs asp-js
23 error Or if that isn't available, you can get their info via:
23 error     npm owner ls asp-js
23 error There is likely additional logging output above.
24 verbose exit [ 1, true ]
